<?xml version="1.0" encoding="UTF-8"?>
<testsuite xmlns:xsi="http://www.w3.org/2001/XMLSchema-instance" xsi:noNamespaceSchemaLocation="https://maven.apache.org/surefire/maven-surefire-plugin/xsd/surefire-test-report-3.0.xsd" version="3.0" name="com.fastlayout.AppTest" time="0.076" tests="1" errors="0" skipped="0" failures="0">
  <properties>
    <property name="java.specification.version" value="21"/>
    <property name="sun.cpu.isalist" value="amd64"/>
    <property name="sun.jnu.encoding" value="Cp1252"/>
    <property name="java.class.path" value="C:\Users\gustavo.cavalcanti\OneDrive - LOFT BRASIL TECNOLOGIA S.A\Área de Trabalho\CRM\ProjetoLayout\meuapp\target\test-classes;C:\Users\gustavo.cavalcanti\OneDrive - LOFT BRASIL TECNOLOGIA S.A\Área de Trabalho\CRM\ProjetoLayout\meuapp\target\classes;C:\Users\gustavo.cavalcanti\.m2\repository\junit\junit\3.8.1\junit-3.8.1.jar;C:\Users\gustavo.cavalcanti\.m2\repository\io\github\cdimascio\dotenv-java\3.0.0\dotenv-java-3.0.0.jar;C:\Users\gustavo.cavalcanti\.m2\repository\software\amazon\jdbc\aws-advanced-jdbc-wrapper\2.5.5\aws-advanced-jdbc-wrapper-2.5.5.jar;C:\Users\gustavo.cavalcanti\.m2\repository\org\apache\httpcomponents\httpclient\4.5.14\httpclient-4.5.14.jar;C:\Users\gustavo.cavalcanti\.m2\repository\org\apache\httpcomponents\httpcore\4.4.16\httpcore-4.4.16.jar;C:\Users\gustavo.cavalcanti\.m2\repository\commons-logging\commons-logging\1.2\commons-logging-1.2.jar;C:\Users\gustavo.cavalcanti\.m2\repository\commons-codec\commons-codec\1.11\commons-codec-1.11.jar;C:\Users\gustavo.cavalcanti\.m2\repository\software\amazon\awssdk\rds\2.29.34\rds-2.29.34.jar;C:\Users\gustavo.cavalcanti\.m2\repository\software\amazon\awssdk\aws-query-protocol\2.29.34\aws-query-protocol-2.29.34.jar;C:\Users\gustavo.cavalcanti\.m2\repository\software\amazon\awssdk\protocol-core\2.29.34\protocol-core-2.29.34.jar;C:\Users\gustavo.cavalcanti\.m2\repository\software\amazon\awssdk\http-auth-aws\2.29.34\http-auth-aws-2.29.34.jar;C:\Users\gustavo.cavalcanti\.m2\repository\software\amazon\awssdk\checksums-spi\2.29.34\checksums-spi-2.29.34.jar;C:\Users\gustavo.cavalcanti\.m2\repository\software\amazon\awssdk\checksums\2.29.34\checksums-2.29.34.jar;C:\Users\gustavo.cavalcanti\.m2\repository\software\amazon\awssdk\sdk-core\2.29.34\sdk-core-2.29.34.jar;C:\Users\gustavo.cavalcanti\.m2\repository\software\amazon\awssdk\retries\2.29.34\retries-2.29.34.jar;C:\Users\gustavo.cavalcanti\.m2\repository\org\slf4j\slf4j-api\1.7.36\slf4j-api-1.7.36.jar;C:\Users\gustavo.cavalcanti\.m2\repository\org\reactivestreams\reactive-streams\1.0.4\reactive-streams-1.0.4.jar;C:\Users\gustavo.cavalcanti\.m2\repository\software\amazon\awssdk\auth\2.29.34\auth-2.29.34.jar;C:\Users\gustavo.cavalcanti\.m2\repository\software\amazon\awssdk\http-auth-aws-eventstream\2.29.34\http-auth-aws-eventstream-2.29.34.jar;C:\Users\gustavo.cavalcanti\.m2\repository\software\amazon\eventstream\eventstream\1.0.1\eventstream-1.0.1.jar;C:\Users\gustavo.cavalcanti\.m2\repository\software\amazon\awssdk\http-auth-spi\2.29.34\http-auth-spi-2.29.34.jar;C:\Users\gustavo.cavalcanti\.m2\repository\software\amazon\awssdk\http-auth\2.29.34\http-auth-2.29.34.jar;C:\Users\gustavo.cavalcanti\.m2\repository\software\amazon\awssdk\identity-spi\2.29.34\identity-spi-2.29.34.jar;C:\Users\gustavo.cavalcanti\.m2\repository\software\amazon\awssdk\http-client-spi\2.29.34\http-client-spi-2.29.34.jar;C:\Users\gustavo.cavalcanti\.m2\repository\software\amazon\awssdk\regions\2.29.34\regions-2.29.34.jar;C:\Users\gustavo.cavalcanti\.m2\repository\software\amazon\awssdk\annotations\2.29.34\annotations-2.29.34.jar;C:\Users\gustavo.cavalcanti\.m2\repository\software\amazon\awssdk\utils\2.29.34\utils-2.29.34.jar;C:\Users\gustavo.cavalcanti\.m2\repository\software\amazon\awssdk\aws-core\2.29.34\aws-core-2.29.34.jar;C:\Users\gustavo.cavalcanti\.m2\repository\software\amazon\awssdk\metrics-spi\2.29.34\metrics-spi-2.29.34.jar;C:\Users\gustavo.cavalcanti\.m2\repository\software\amazon\awssdk\json-utils\2.29.34\json-utils-2.29.34.jar;C:\Users\gustavo.cavalcanti\.m2\repository\software\amazon\awssdk\third-party-jackson-core\2.29.34\third-party-jackson-core-2.29.34.jar;C:\Users\gustavo.cavalcanti\.m2\repository\software\amazon\awssdk\endpoints-spi\2.29.34\endpoints-spi-2.29.34.jar;C:\Users\gustavo.cavalcanti\.m2\repository\software\amazon\awssdk\retries-spi\2.29.34\retries-spi-2.29.34.jar;C:\Users\gustavo.cavalcanti\.m2\repository\software\amazon\awssdk\apache-client\2.29.34\apache-client-2.29.34.jar;C:\Users\gustavo.cavalcanti\.m2\repository\software\amazon\awssdk\netty-nio-client\2.29.34\netty-nio-client-2.29.34.jar;C:\Users\gustavo.cavalcanti\.m2\repository\io\netty\netty-codec-http\4.1.115.Final\netty-codec-http-4.1.115.Final.jar;C:\Users\gustavo.cavalcanti\.m2\repository\io\netty\netty-codec-http2\4.1.115.Final\netty-codec-http2-4.1.115.Final.jar;C:\Users\gustavo.cavalcanti\.m2\repository\io\netty\netty-codec\4.1.115.Final\netty-codec-4.1.115.Final.jar;C:\Users\gustavo.cavalcanti\.m2\repository\io\netty\netty-transport\4.1.115.Final\netty-transport-4.1.115.Final.jar;C:\Users\gustavo.cavalcanti\.m2\repository\io\netty\netty-common\4.1.115.Final\netty-common-4.1.115.Final.jar;C:\Users\gustavo.cavalcanti\.m2\repository\io\netty\netty-buffer\4.1.115.Final\netty-buffer-4.1.115.Final.jar;C:\Users\gustavo.cavalcanti\.m2\repository\io\netty\netty-handler\4.1.115.Final\netty-handler-4.1.115.Final.jar;C:\Users\gustavo.cavalcanti\.m2\repository\io\netty\netty-transport-native-unix-common\4.1.115.Final\netty-transport-native-unix-common-4.1.115.Final.jar;C:\Users\gustavo.cavalcanti\.m2\repository\io\netty\netty-transport-classes-epoll\4.1.115.Final\netty-transport-classes-epoll-4.1.115.Final.jar;C:\Users\gustavo.cavalcanti\.m2\repository\io\netty\netty-resolver\4.1.115.Final\netty-resolver-4.1.115.Final.jar;C:\Users\gustavo.cavalcanti\.m2\repository\software\amazon\awssdk\sts\2.30.27\sts-2.30.27.jar;C:\Users\gustavo.cavalcanti\.m2\repository\software\amazon\awssdk\profiles\2.30.27\profiles-2.30.27.jar;C:\Users\gustavo.cavalcanti\.m2\repository\com\mysql\mysql-connector-j\9.2.0\mysql-connector-j-9.2.0.jar;C:\Users\gustavo.cavalcanti\.m2\repository\com\google\protobuf\protobuf-java\4.29.0\protobuf-java-4.29.0.jar;"/>
    <property name="java.vm.vendor" value="Eclipse Adoptium"/>
    <property name="sun.arch.data.model" value="64"/>
    <property name="user.variant" value=""/>
    <property name="java.vendor.url" value="https://adoptium.net/"/>
    <property name="user.timezone" value="America/Sao_Paulo"/>
    <property name="os.name" value="Windows 11"/>
    <property name="java.vm.specification.version" value="21"/>
    <property name="sun.java.launcher" value="SUN_STANDARD"/>
    <property name="user.country" value="BR"/>
    <property name="sun.boot.library.path" value="C:\Program Files\Eclipse Adoptium\jdk-21.0.3.9-hotspot\bin"/>
    <property name="sun.java.command" value="C:\Users\gustavo.cavalcanti\AppData\Local\Temp\surefire9564441796164021959\surefirebooter-20250404093849755_3.jar C:\Users\gustavo.cavalcanti\AppData\Local\Temp\surefire9564441796164021959 2025-04-04T09-38-49_555-jvmRun1 surefire-20250404093849755_1tmp surefire_0-20250404093849755_2tmp"/>
    <property name="jdk.debug" value="release"/>
    <property name="surefire.test.class.path" value="C:\Users\gustavo.cavalcanti\OneDrive - LOFT BRASIL TECNOLOGIA S.A\Área de Trabalho\CRM\ProjetoLayout\meuapp\target\test-classes;C:\Users\gustavo.cavalcanti\OneDrive - LOFT BRASIL TECNOLOGIA S.A\Área de Trabalho\CRM\ProjetoLayout\meuapp\target\classes;C:\Users\gustavo.cavalcanti\.m2\repository\junit\junit\3.8.1\junit-3.8.1.jar;C:\Users\gustavo.cavalcanti\.m2\repository\io\github\cdimascio\dotenv-java\3.0.0\dotenv-java-3.0.0.jar;C:\Users\gustavo.cavalcanti\.m2\repository\software\amazon\jdbc\aws-advanced-jdbc-wrapper\2.5.5\aws-advanced-jdbc-wrapper-2.5.5.jar;C:\Users\gustavo.cavalcanti\.m2\repository\org\apache\httpcomponents\httpclient\4.5.14\httpclient-4.5.14.jar;C:\Users\gustavo.cavalcanti\.m2\repository\org\apache\httpcomponents\httpcore\4.4.16\httpcore-4.4.16.jar;C:\Users\gustavo.cavalcanti\.m2\repository\commons-logging\commons-logging\1.2\commons-logging-1.2.jar;C:\Users\gustavo.cavalcanti\.m2\repository\commons-codec\commons-codec\1.11\commons-codec-1.11.jar;C:\Users\gustavo.cavalcanti\.m2\repository\software\amazon\awssdk\rds\2.29.34\rds-2.29.34.jar;C:\Users\gustavo.cavalcanti\.m2\repository\software\amazon\awssdk\aws-query-protocol\2.29.34\aws-query-protocol-2.29.34.jar;C:\Users\gustavo.cavalcanti\.m2\repository\software\amazon\awssdk\protocol-core\2.29.34\protocol-core-2.29.34.jar;C:\Users\gustavo.cavalcanti\.m2\repository\software\amazon\awssdk\http-auth-aws\2.29.34\http-auth-aws-2.29.34.jar;C:\Users\gustavo.cavalcanti\.m2\repository\software\amazon\awssdk\checksums-spi\2.29.34\checksums-spi-2.29.34.jar;C:\Users\gustavo.cavalcanti\.m2\repository\software\amazon\awssdk\checksums\2.29.34\checksums-2.29.34.jar;C:\Users\gustavo.cavalcanti\.m2\repository\software\amazon\awssdk\sdk-core\2.29.34\sdk-core-2.29.34.jar;C:\Users\gustavo.cavalcanti\.m2\repository\software\amazon\awssdk\retries\2.29.34\retries-2.29.34.jar;C:\Users\gustavo.cavalcanti\.m2\repository\org\slf4j\slf4j-api\1.7.36\slf4j-api-1.7.36.jar;C:\Users\gustavo.cavalcanti\.m2\repository\org\reactivestreams\reactive-streams\1.0.4\reactive-streams-1.0.4.jar;C:\Users\gustavo.cavalcanti\.m2\repository\software\amazon\awssdk\auth\2.29.34\auth-2.29.34.jar;C:\Users\gustavo.cavalcanti\.m2\repository\software\amazon\awssdk\http-auth-aws-eventstream\2.29.34\http-auth-aws-eventstream-2.29.34.jar;C:\Users\gustavo.cavalcanti\.m2\repository\software\amazon\eventstream\eventstream\1.0.1\eventstream-1.0.1.jar;C:\Users\gustavo.cavalcanti\.m2\repository\software\amazon\awssdk\http-auth-spi\2.29.34\http-auth-spi-2.29.34.jar;C:\Users\gustavo.cavalcanti\.m2\repository\software\amazon\awssdk\http-auth\2.29.34\http-auth-2.29.34.jar;C:\Users\gustavo.cavalcanti\.m2\repository\software\amazon\awssdk\identity-spi\2.29.34\identity-spi-2.29.34.jar;C:\Users\gustavo.cavalcanti\.m2\repository\software\amazon\awssdk\http-client-spi\2.29.34\http-client-spi-2.29.34.jar;C:\Users\gustavo.cavalcanti\.m2\repository\software\amazon\awssdk\regions\2.29.34\regions-2.29.34.jar;C:\Users\gustavo.cavalcanti\.m2\repository\software\amazon\awssdk\annotations\2.29.34\annotations-2.29.34.jar;C:\Users\gustavo.cavalcanti\.m2\repository\software\amazon\awssdk\utils\2.29.34\utils-2.29.34.jar;C:\Users\gustavo.cavalcanti\.m2\repository\software\amazon\awssdk\aws-core\2.29.34\aws-core-2.29.34.jar;C:\Users\gustavo.cavalcanti\.m2\repository\software\amazon\awssdk\metrics-spi\2.29.34\metrics-spi-2.29.34.jar;C:\Users\gustavo.cavalcanti\.m2\repository\software\amazon\awssdk\json-utils\2.29.34\json-utils-2.29.34.jar;C:\Users\gustavo.cavalcanti\.m2\repository\software\amazon\awssdk\third-party-jackson-core\2.29.34\third-party-jackson-core-2.29.34.jar;C:\Users\gustavo.cavalcanti\.m2\repository\software\amazon\awssdk\endpoints-spi\2.29.34\endpoints-spi-2.29.34.jar;C:\Users\gustavo.cavalcanti\.m2\repository\software\amazon\awssdk\retries-spi\2.29.34\retries-spi-2.29.34.jar;C:\Users\gustavo.cavalcanti\.m2\repository\software\amazon\awssdk\apache-client\2.29.34\apache-client-2.29.34.jar;C:\Users\gustavo.cavalcanti\.m2\repository\software\amazon\awssdk\netty-nio-client\2.29.34\netty-nio-client-2.29.34.jar;C:\Users\gustavo.cavalcanti\.m2\repository\io\netty\netty-codec-http\4.1.115.Final\netty-codec-http-4.1.115.Final.jar;C:\Users\gustavo.cavalcanti\.m2\repository\io\netty\netty-codec-http2\4.1.115.Final\netty-codec-http2-4.1.115.Final.jar;C:\Users\gustavo.cavalcanti\.m2\repository\io\netty\netty-codec\4.1.115.Final\netty-codec-4.1.115.Final.jar;C:\Users\gustavo.cavalcanti\.m2\repository\io\netty\netty-transport\4.1.115.Final\netty-transport-4.1.115.Final.jar;C:\Users\gustavo.cavalcanti\.m2\repository\io\netty\netty-common\4.1.115.Final\netty-common-4.1.115.Final.jar;C:\Users\gustavo.cavalcanti\.m2\repository\io\netty\netty-buffer\4.1.115.Final\netty-buffer-4.1.115.Final.jar;C:\Users\gustavo.cavalcanti\.m2\repository\io\netty\netty-handler\4.1.115.Final\netty-handler-4.1.115.Final.jar;C:\Users\gustavo.cavalcanti\.m2\repository\io\netty\netty-transport-native-unix-common\4.1.115.Final\netty-transport-native-unix-common-4.1.115.Final.jar;C:\Users\gustavo.cavalcanti\.m2\repository\io\netty\netty-transport-classes-epoll\4.1.115.Final\netty-transport-classes-epoll-4.1.115.Final.jar;C:\Users\gustavo.cavalcanti\.m2\repository\io\netty\netty-resolver\4.1.115.Final\netty-resolver-4.1.115.Final.jar;C:\Users\gustavo.cavalcanti\.m2\repository\software\amazon\awssdk\sts\2.30.27\sts-2.30.27.jar;C:\Users\gustavo.cavalcanti\.m2\repository\software\amazon\awssdk\profiles\2.30.27\profiles-2.30.27.jar;C:\Users\gustavo.cavalcanti\.m2\repository\com\mysql\mysql-connector-j\9.2.0\mysql-connector-j-9.2.0.jar;C:\Users\gustavo.cavalcanti\.m2\repository\com\google\protobuf\protobuf-java\4.29.0\protobuf-java-4.29.0.jar;"/>
    <property name="sun.cpu.endian" value="little"/>
    <property name="user.home" value="C:\Users\gustavo.cavalcanti"/>
    <property name="user.language" value="pt"/>
    <property name="java.specification.vendor" value="Oracle Corporation"/>
    <property name="java.version.date" value="2024-04-16"/>
    <property name="java.home" value="C:\Program Files\Eclipse Adoptium\jdk-21.0.3.9-hotspot"/>
    <property name="file.separator" value="\"/>
    <property name="basedir" value="C:\Users\gustavo.cavalcanti\OneDrive - LOFT BRASIL TECNOLOGIA S.A\Área de Trabalho\CRM\ProjetoLayout\meuapp"/>
    <property name="java.vm.compressedOopsMode" value="Zero based"/>
    <property name="line.separator" value="&#10;"/>
    <property name="java.vm.specification.vendor" value="Oracle Corporation"/>
    <property name="java.specification.name" value="Java Platform API Specification"/>
    <property name="surefire.real.class.path" value="C:\Users\gustavo.cavalcanti\AppData\Local\Temp\surefire9564441796164021959\surefirebooter-20250404093849755_3.jar"/>
    <property name="user.script" value=""/>
    <property name="sun.management.compiler" value="HotSpot 64-Bit Tiered Compilers"/>
    <property name="java.runtime.version" value="21.0.3+9-LTS"/>
    <property name="user.name" value="GustavoLopes"/>
    <property name="stdout.encoding" value="Cp1252"/>
    <property name="path.separator" value=";"/>
    <property name="os.version" value="10.0"/>
    <property name="java.runtime.name" value="OpenJDK Runtime Environment"/>
    <property name="file.encoding" value="UTF-8"/>
    <property name="java.vm.name" value="OpenJDK 64-Bit Server VM"/>
    <property name="java.vendor.version" value="Temurin-21.0.3+9"/>
    <property name="localRepository" value="C:\Users\gustavo.cavalcanti\.m2\repository"/>
    <property name="java.vendor.url.bug" value="https://github.com/adoptium/adoptium-support/issues"/>
    <property name="java.io.tmpdir" value="C:\Users\GUSTAV~1.CAV\AppData\Local\Temp\"/>
    <property name="java.version" value="21.0.3"/>
    <property name="user.dir" value="C:\Users\gustavo.cavalcanti\OneDrive - LOFT BRASIL TECNOLOGIA S.A\Área de Trabalho\CRM\ProjetoLayout\meuapp"/>
    <property name="os.arch" value="amd64"/>
    <property name="java.vm.specification.name" value="Java Virtual Machine Specification"/>
    <property name="sun.os.patch.level" value=""/>
    <property name="native.encoding" value="Cp1252"/>
    <property name="java.library.path" value="C:\Program Files\Eclipse Adoptium\jdk-21.0.3.9-hotspot\bin;C:\WINDOWS\Sun\Java\bin;C:\WINDOWS\system32;C:\WINDOWS;C:\Program Files\Eclipse Adoptium\jdk-21.0.3.9-hotspot\bin;C:\Program Files\Common Files\Oracle\Java\javapath;C:\WINDOWS\system32;C:\WINDOWS;C:\WINDOWS\System32\Wbem;C:\WINDOWS\System32\WindowsPowerShell\v1.0\;C:\WINDOWS\System32\OpenSSH\;C:\Program Files\Git\cmd;C:\ProgramData\chocolatey\bin;C:\Program Files\dotnet\;C:\Program Files\nodejs\;C:\Program Files\Amazon\AWSCLIV2\;C:\Program Files\Eclipse Adoptium\jdk-17.0.2\bin;C:\Program Files\Eclipse Adoptium\jdk-21.0.3.9-hotspot\bin;C:\Program Files\Common Files\Oracle\Java\javapath;C:\WINDOWS\system32;C:\WINDOWS;C:\WINDOWS\System32\Wbem;C:\WINDOWS\System32\WindowsPowerShell\v1.0\;C:\WINDOWS\System32\OpenSSH\;C:\Program Files\Git\cmd;C:\ProgramData\chocolatey\bin;C:\Program Files\dotnet\;C:\Program Files\nodejs\;C:\Program Files\Amazon\AWSCLIV2\;C:\Program Files\Eclipse Adoptium\jdk-17.0.2\bin;C:\Program Files\Eclipse Adoptium\jdk-21.0.3.9-hotspot\bin;C:\Program Files\Common Files\Oracle\Java\javapath;C:\WINDOWS\system32;C:\WINDOWS;C:\WINDOWS\System32\Wbem;C:\WINDOWS\System32\WindowsPowerShell\v1.0\;C:\WINDOWS\System32\OpenSSH\;C:\Program Files\Git\cmd;C:\ProgramData\chocolatey\bin;C:\Program Files\dotnet\;C:\Program Files\nodejs\;C:\Program Files\Amazon\AWSCLIV2\;C:\Users\gustavo.cavalcanti\AppData\Local\Programs\Python\Launcher\;C:\Users\gustavo.cavalcanti\AppData\Local\Microsoft\WindowsApps;C:\Users\gustavo.cavalcanti\AppData\Lo;C:\Users\gustavo.cavalcanti\AppData\Local\Muse Hub\lib;C:\Maven\bin;."/>
    <property name="java.vm.info" value="mixed mode, sharing"/>
    <property name="stderr.encoding" value="Cp1252"/>
    <property name="java.vendor" value="Eclipse Adoptium"/>
    <property name="java.vm.version" value="21.0.3+9-LTS"/>
    <property name="sun.io.unicode.encoding" value="UnicodeLittle"/>
    <property name="java.class.version" value="65.0"/>
  </properties>
  <testcase name="testApp" classname="com.fastlayout.AppTest" time="0.004"/>
</testsuite>